<?xml version="1.0" encoding="UTF-8"?>
<!-- Generated by org.testng.reporters.JUnitReportReporter -->
<testsuite hostname="DESKTOP-AVC9IES" failures="0" tests="5" name="APIDemo1" time="4.186" errors="0" timestamp="2022-11-07T15:56:49 EST" skipped="0">
  <testcase classname="APIDemo1" name="get_demo1" time="0.914"/>
  <system-out/>
  <testcase classname="APIDemo1" name="put_demo1" time="0.307"/>
  <system-out/>
  <testcase classname="APIDemo1" name="post_demo1" time="0.716"/>
  <system-out/>
  <testcase classname="APIDemo1" name="delete_demo1" time="1.938"/>
  <system-out/>
  <testcase classname="APIDemo1" name="patch_demo1" time="0.311"/>
  <system-out/>
</testsuite> <!-- APIDemo1 -->
