<?xml version="1.0" encoding="UTF-8"?>
<!-- Generated by org.testng.reporters.JUnitReportReporter -->
<testsuite hostname="DESKTOP-AVC9IES" failures="0" tests="2" name="APITests" time="2.491" errors="0" timestamp="2022-11-05T16:43:08 EDT" skipped="0">
  <testcase classname="APITests" name="test1" time="2.156"/>
  <system-out/>
  <testcase classname="APITests" name="test2" time="0.335"/>
  <system-out/>
</testsuite> <!-- APITests -->
